[2019-10-23 16:08:51]  Текст ошибки: Page not found | File: C:\Users\user\Downloads\OSPanel\domains\ishop2.loc\public\index.php | Line: 8
===============
[2019-10-23 16:08:51]  Текст ошибки: Page not found | File: C:\Users\user\Downloads\OSPanel\domains\ishop2.loc\public\index.php | Line: 8
===============
[2019-10-23 16:09:12]  Текст ошибки: Page not found | File: C:\Users\user\Downloads\OSPanel\domains\ishop2.loc\public\index.php | Line: 8
===============
[2019-10-23 16:09:12]  Текст ошибки: Page not found | File: C:\Users\user\Downloads\OSPanel\domains\ishop2.loc\public\index.php | Line: 8
===============
[2019-10-23 16:09:21]  Текст ошибки: Page not found | File: C:\Users\user\Downloads\OSPanel\domains\ishop2.loc\public\index.php | Line: 8
===============
[2019-10-23 16:09:21]  Текст ошибки: Page not found | File: C:\Users\user\Downloads\OSPanel\domains\ishop2.loc\public\index.php | Line: 8
===============
[2019-10-23 16:09:40]  Текст ошибки: Page not found | File: C:\Users\user\Downloads\OSPanel\domains\ishop2.loc\public\index.php | Line: 8
===============
[2019-10-23 16:09:41]  Текст ошибки: Page not found | File: C:\Users\user\Downloads\OSPanel\domains\ishop2.loc\public\index.php | Line: 8
===============
[2019-10-23 16:09:45]  Текст ошибки: Page not found | File: C:\Users\user\Downloads\OSPanel\domains\ishop2.loc\public\index.php | Line: 8
===============
[2019-10-23 16:09:45]  Текст ошибки: Page not found | File: C:\Users\user\Downloads\OSPanel\domains\ishop2.loc\public\index.php | Line: 8
===============
[2019-10-23 16:09:48]  Текст ошибки: Page not found | File: C:\Users\user\Downloads\OSPanel\domains\ishop2.loc\public\index.php | Line: 8
===============
[2019-10-23 16:09:49]  Текст ошибки: Page not found | File: C:\Users\user\Downloads\OSPanel\domains\ishop2.loc\public\index.php | Line: 8
===============
[2019-10-23 16:50:07]  Текст ошибки: Page not found | File: C:\Users\user\Downloads\OSPanel\domains\ishop2.loc\vendor\ishop\core\Router.php | Line: 37
===============
[2019-10-23 16:50:18]  Текст ошибки: Page not found | File: C:\Users\user\Downloads\OSPanel\domains\ishop2.loc\vendor\ishop\core\Router.php | Line: 37
===============
[2019-10-23 16:50:59]  Текст ошибки: Page not found | File: C:\Users\user\Downloads\OSPanel\domains\ishop2.loc\vendor\ishop\core\Router.php | Line: 37
===============
[2019-10-23 16:50:59]  Текст ошибки: Page not found | File: C:\Users\user\Downloads\OSPanel\domains\ishop2.loc\vendor\ishop\core\Router.php | Line: 37
===============
[2019-10-23 16:51:03]  Текст ошибки: Page not found | File: C:\Users\user\Downloads\OSPanel\domains\ishop2.loc\vendor\ishop\core\Router.php | Line: 37
===============
[2019-10-23 16:53:46]  Текст ошибки: Page not found | File: C:\Users\user\Downloads\OSPanel\domains\ishop2.loc\vendor\ishop\core\Router.php | Line: 37
===============
[2019-10-23 16:53:47]  Текст ошибки: Page not found | File: C:\Users\user\Downloads\OSPanel\domains\ishop2.loc\vendor\ishop\core\Router.php | Line: 37
===============
[2019-10-23 16:53:50]  Текст ошибки: Page not found | File: C:\Users\user\Downloads\OSPanel\domains\ishop2.loc\vendor\ishop\core\Router.php | Line: 37
===============
[2019-10-23 16:53:51]  Текст ошибки: Page not found | File: C:\Users\user\Downloads\OSPanel\domains\ishop2.loc\vendor\ishop\core\Router.php | Line: 37
===============
[2019-10-23 16:53:51]  Текст ошибки: Page not found | File: C:\Users\user\Downloads\OSPanel\domains\ishop2.loc\vendor\ishop\core\Router.php | Line: 37
===============
[2019-10-23 16:53:52]  Текст ошибки: Page not found | File: C:\Users\user\Downloads\OSPanel\domains\ishop2.loc\vendor\ishop\core\Router.php | Line: 37
===============
[2019-10-23 16:53:52]  Текст ошибки: Page not found | File: C:\Users\user\Downloads\OSPanel\domains\ishop2.loc\vendor\ishop\core\Router.php | Line: 37
===============
[2019-10-23 16:53:52]  Текст ошибки: Page not found | File: C:\Users\user\Downloads\OSPanel\domains\ishop2.loc\vendor\ishop\core\Router.php | Line: 37
===============
[2019-10-23 16:53:52]  Текст ошибки: Page not found | File: C:\Users\user\Downloads\OSPanel\domains\ishop2.loc\vendor\ishop\core\Router.php | Line: 37
===============
[2019-10-23 16:53:56]  Текст ошибки: Page not found | File: C:\Users\user\Downloads\OSPanel\domains\ishop2.loc\vendor\ishop\core\Router.php | Line: 37
===============
[2019-10-23 16:53:57]  Текст ошибки: Page not found | File: C:\Users\user\Downloads\OSPanel\domains\ishop2.loc\vendor\ishop\core\Router.php | Line: 37
===============
[2019-10-23 16:53:57]  Текст ошибки: Page not found | File: C:\Users\user\Downloads\OSPanel\domains\ishop2.loc\vendor\ishop\core\Router.php | Line: 37
===============
[2019-10-23 16:53:57]  Текст ошибки: Page not found | File: C:\Users\user\Downloads\OSPanel\domains\ishop2.loc\vendor\ishop\core\Router.php | Line: 37
===============
[2019-10-23 16:53:57]  Текст ошибки: Page not found | File: C:\Users\user\Downloads\OSPanel\domains\ishop2.loc\vendor\ishop\core\Router.php | Line: 37
===============
[2019-10-23 16:53:57]  Текст ошибки: Page not found | File: C:\Users\user\Downloads\OSPanel\domains\ishop2.loc\vendor\ishop\core\Router.php | Line: 37
===============
[2019-10-23 16:54:05]  Текст ошибки: Page not found | File: C:\Users\user\Downloads\OSPanel\domains\ishop2.loc\vendor\ishop\core\Router.php | Line: 37
===============
[2019-10-23 16:54:17]  Текст ошибки: Page not found | File: C:\Users\user\Downloads\OSPanel\domains\ishop2.loc\vendor\ishop\core\Router.php | Line: 37
===============
[2019-10-23 16:54:17]  Текст ошибки: Page not found | File: C:\Users\user\Downloads\OSPanel\domains\ishop2.loc\vendor\ishop\core\Router.php | Line: 37
===============
[2019-10-23 16:54:21]  Текст ошибки: Page not found | File: C:\Users\user\Downloads\OSPanel\domains\ishop2.loc\vendor\ishop\core\Router.php | Line: 37
===============
[2019-10-23 16:54:23]  Текст ошибки: Page not found | File: C:\Users\user\Downloads\OSPanel\domains\ishop2.loc\vendor\ishop\core\Router.php | Line: 37
===============
[2019-10-23 16:54:42]  Текст ошибки: Page not found | File: C:\Users\user\Downloads\OSPanel\domains\ishop2.loc\vendor\ishop\core\Router.php | Line: 37
===============
[2019-10-23 16:54:43]  Текст ошибки: Page not found | File: C:\Users\user\Downloads\OSPanel\domains\ishop2.loc\vendor\ishop\core\Router.php | Line: 37
===============
[2019-10-23 16:54:43]  Текст ошибки: Page not found | File: C:\Users\user\Downloads\OSPanel\domains\ishop2.loc\vendor\ishop\core\Router.php | Line: 37
===============
[2019-10-23 16:54:43]  Текст ошибки: Page not found | File: C:\Users\user\Downloads\OSPanel\domains\ishop2.loc\vendor\ishop\core\Router.php | Line: 37
===============
[2019-10-23 16:54:43]  Текст ошибки: Page not found | File: C:\Users\user\Downloads\OSPanel\domains\ishop2.loc\vendor\ishop\core\Router.php | Line: 37
===============
[2019-10-23 16:54:46]  Текст ошибки: Page not found | File: C:\Users\user\Downloads\OSPanel\domains\ishop2.loc\vendor\ishop\core\Router.php | Line: 37
===============
[2019-10-23 16:55:07]  Текст ошибки: Page not found | File: C:\Users\user\Downloads\OSPanel\domains\ishop2.loc\vendor\ishop\core\Router.php | Line: 37
===============
[2019-10-23 16:55:07]  Текст ошибки: Page not found | File: C:\Users\user\Downloads\OSPanel\domains\ishop2.loc\vendor\ishop\core\Router.php | Line: 37
===============
[2019-10-23 16:55:07]  Текст ошибки: Page not found | File: C:\Users\user\Downloads\OSPanel\domains\ishop2.loc\vendor\ishop\core\Router.php | Line: 37
===============
[2019-10-23 16:55:08]  Текст ошибки: Page not found | File: C:\Users\user\Downloads\OSPanel\domains\ishop2.loc\vendor\ishop\core\Router.php | Line: 37
===============
[2019-10-23 16:55:08]  Текст ошибки: Page not found | File: C:\Users\user\Downloads\OSPanel\domains\ishop2.loc\vendor\ishop\core\Router.php | Line: 37
===============
[2019-10-23 16:55:08]  Текст ошибки: Page not found | File: C:\Users\user\Downloads\OSPanel\domains\ishop2.loc\vendor\ishop\core\Router.php | Line: 37
===============
[2019-10-23 16:55:11]  Текст ошибки: Page not found | File: C:\Users\user\Downloads\OSPanel\domains\ishop2.loc\vendor\ishop\core\Router.php | Line: 37
===============
[2019-10-23 16:55:19]  Текст ошибки: Page not found | File: C:\Users\user\Downloads\OSPanel\domains\ishop2.loc\vendor\ishop\core\Router.php | Line: 37
===============
[2019-10-23 16:55:20]  Текст ошибки: Page not found | File: C:\Users\user\Downloads\OSPanel\domains\ishop2.loc\vendor\ishop\core\Router.php | Line: 37
===============
[2019-10-23 16:55:22]  Текст ошибки: Page not found | File: C:\Users\user\Downloads\OSPanel\domains\ishop2.loc\vendor\ishop\core\Router.php | Line: 37
===============
[2019-10-23 16:56:24]  Текст ошибки: Page not found | File: C:\Users\user\Downloads\OSPanel\domains\ishop2.loc\vendor\ishop\core\Router.php | Line: 37
===============
[2019-10-23 16:56:25]  Текст ошибки: Page not found | File: C:\Users\user\Downloads\OSPanel\domains\ishop2.loc\vendor\ishop\core\Router.php | Line: 37
===============
[2019-10-23 16:57:43]  Текст ошибки: Page not found | File: C:\Users\user\Downloads\OSPanel\domains\ishop2.loc\vendor\ishop\core\Router.php | Line: 37
===============
[2019-10-23 16:57:43]  Текст ошибки: Page not found | File: C:\Users\user\Downloads\OSPanel\domains\ishop2.loc\vendor\ishop\core\Router.php | Line: 37
===============
[2019-10-23 16:57:46]  Текст ошибки: Page not found | File: C:\Users\user\Downloads\OSPanel\domains\ishop2.loc\vendor\ishop\core\Router.php | Line: 37
===============
[2019-10-23 16:57:51]  Текст ошибки: Page not found | File: C:\Users\user\Downloads\OSPanel\domains\ishop2.loc\vendor\ishop\core\Router.php | Line: 37
===============
[2019-10-23 16:57:51]  Текст ошибки: Page not found | File: C:\Users\user\Downloads\OSPanel\domains\ishop2.loc\vendor\ishop\core\Router.php | Line: 37
===============
[2019-10-23 16:57:52]  Текст ошибки: Page not found | File: C:\Users\user\Downloads\OSPanel\domains\ishop2.loc\vendor\ishop\core\Router.php | Line: 37
===============
[2019-10-23 16:57:52]  Текст ошибки: Page not found | File: C:\Users\user\Downloads\OSPanel\domains\ishop2.loc\vendor\ishop\core\Router.php | Line: 37
===============
[2019-10-23 16:57:53]  Текст ошибки: Page not found | File: C:\Users\user\Downloads\OSPanel\domains\ishop2.loc\vendor\ishop\core\Router.php | Line: 37
===============
[2019-10-23 16:57:53]  Текст ошибки: Page not found | File: C:\Users\user\Downloads\OSPanel\domains\ishop2.loc\vendor\ishop\core\Router.php | Line: 37
===============
[2019-10-23 16:58:45]  Текст ошибки: Page not found | File: C:\Users\user\Downloads\OSPanel\domains\ishop2.loc\vendor\ishop\core\Router.php | Line: 38
===============
[2019-10-23 17:07:55]  Текст ошибки: Page not found | File: C:\Users\user\Downloads\OSPanel\domains\ishop2.loc\vendor\ishop\core\Router.php | Line: 37
===============
[2019-10-23 17:07:56]  Текст ошибки: Page not found | File: C:\Users\user\Downloads\OSPanel\domains\ishop2.loc\vendor\ishop\core\Router.php | Line: 37
===============
[2019-10-23 17:07:57]  Текст ошибки: Page not found | File: C:\Users\user\Downloads\OSPanel\domains\ishop2.loc\vendor\ishop\core\Router.php | Line: 37
===============
[2019-10-23 17:07:58]  Текст ошибки: Page not found | File: C:\Users\user\Downloads\OSPanel\domains\ishop2.loc\vendor\ishop\core\Router.php | Line: 37
===============
[2019-10-23 17:08:42]  Текст ошибки: Call to undefined method ishop\Router::upperCamelCase() | File: C:\Users\user\Downloads\OSPanel\domains\ishop2.loc\vendor\ishop\core\Router.php | Line: 56
===============
[2019-10-23 17:09:17]  Текст ошибки: Page not found | File: C:\Users\user\Downloads\OSPanel\domains\ishop2.loc\vendor\ishop\core\Router.php | Line: 37
===============
[2019-10-23 17:09:18]  Текст ошибки: Page not found | File: C:\Users\user\Downloads\OSPanel\domains\ishop2.loc\vendor\ishop\core\Router.php | Line: 37
===============
[2019-10-23 17:09:19]  Текст ошибки: Page not found | File: C:\Users\user\Downloads\OSPanel\domains\ishop2.loc\vendor\ishop\core\Router.php | Line: 37
===============
[2019-10-23 17:09:52]  Текст ошибки: Page not found | File: C:\Users\user\Downloads\OSPanel\domains\ishop2.loc\vendor\ishop\core\Router.php | Line: 37
===============
[2019-10-23 17:09:53]  Текст ошибки: Page not found | File: C:\Users\user\Downloads\OSPanel\domains\ishop2.loc\vendor\ishop\core\Router.php | Line: 37
===============
[2019-10-23 17:09:53]  Текст ошибки: Page not found | File: C:\Users\user\Downloads\OSPanel\domains\ishop2.loc\vendor\ishop\core\Router.php | Line: 37
===============
[2019-10-23 17:09:54]  Текст ошибки: Page not found | File: C:\Users\user\Downloads\OSPanel\domains\ishop2.loc\vendor\ishop\core\Router.php | Line: 37
===============
[2019-10-23 17:09:54]  Текст ошибки: Page not found | File: C:\Users\user\Downloads\OSPanel\domains\ishop2.loc\vendor\ishop\core\Router.php | Line: 37
===============
[2019-10-23 17:09:55]  Текст ошибки: Page not found | File: C:\Users\user\Downloads\OSPanel\domains\ishop2.loc\vendor\ishop\core\Router.php | Line: 37
===============
[2019-10-23 17:10:06]  Текст ошибки: Call to undefined method ishop\Router::upperCamelCase() | File: C:\Users\user\Downloads\OSPanel\domains\ishop2.loc\vendor\ishop\core\Router.php | Line: 56
===============
[2019-10-23 17:10:07]  Текст ошибки: Page not found | File: C:\Users\user\Downloads\OSPanel\domains\ishop2.loc\vendor\ishop\core\Router.php | Line: 37
===============
[2019-10-23 17:11:11]  Текст ошибки: Call to undefined method ishop\Router::upperCamelCase() | File: C:\Users\user\Downloads\OSPanel\domains\ishop2.loc\vendor\ishop\core\Router.php | Line: 56
===============
[2019-10-23 17:11:11]  Текст ошибки: Call to undefined method ishop\Router::upperCamelCase() | File: C:\Users\user\Downloads\OSPanel\domains\ishop2.loc\vendor\ishop\core\Router.php | Line: 56
===============
[2019-10-23 17:11:12]  Текст ошибки: Call to undefined method ishop\Router::upperCamelCase() | File: C:\Users\user\Downloads\OSPanel\domains\ishop2.loc\vendor\ishop\core\Router.php | Line: 56
===============
[2019-10-23 17:11:12]  Текст ошибки: Page not found | File: C:\Users\user\Downloads\OSPanel\domains\ishop2.loc\vendor\ishop\core\Router.php | Line: 37
===============
[2019-10-23 17:11:12]  Текст ошибки: Call to undefined method ishop\Router::upperCamelCase() | File: C:\Users\user\Downloads\OSPanel\domains\ishop2.loc\vendor\ishop\core\Router.php | Line: 56
===============
[2019-10-23 17:11:12]  Текст ошибки: Page not found | File: C:\Users\user\Downloads\OSPanel\domains\ishop2.loc\vendor\ishop\core\Router.php | Line: 37
===============
[2019-10-23 17:11:22]  Текст ошибки: Call to undefined method ishop\Router::upperCamelCase() | File: C:\Users\user\Downloads\OSPanel\domains\ishop2.loc\vendor\ishop\core\Router.php | Line: 56
===============
[2019-10-23 17:11:25]  Текст ошибки: Call to undefined method ishop\Router::upperCamelCase() | File: C:\Users\user\Downloads\OSPanel\domains\ishop2.loc\vendor\ishop\core\Router.php | Line: 56
===============
[2019-10-23 17:11:25]  Текст ошибки: Page not found | File: C:\Users\user\Downloads\OSPanel\domains\ishop2.loc\vendor\ishop\core\Router.php | Line: 37
===============
[2019-10-23 17:11:26]  Текст ошибки: Call to undefined method ishop\Router::upperCamelCase() | File: C:\Users\user\Downloads\OSPanel\domains\ishop2.loc\vendor\ishop\core\Router.php | Line: 56
===============
[2019-10-23 17:11:26]  Текст ошибки: Page not found | File: C:\Users\user\Downloads\OSPanel\domains\ishop2.loc\vendor\ishop\core\Router.php | Line: 37
===============
[2019-10-23 17:11:35]  Текст ошибки: Call to undefined method ishop\Router::upperCamelCase() | File: C:\Users\user\Downloads\OSPanel\domains\ishop2.loc\vendor\ishop\core\Router.php | Line: 56
===============
[2019-10-23 17:11:35]  Текст ошибки: Page not found | File: C:\Users\user\Downloads\OSPanel\domains\ishop2.loc\vendor\ishop\core\Router.php | Line: 37
===============
[2019-10-23 17:11:36]  Текст ошибки: Call to undefined method ishop\Router::upperCamelCase() | File: C:\Users\user\Downloads\OSPanel\domains\ishop2.loc\vendor\ishop\core\Router.php | Line: 56
===============
[2019-10-23 17:11:36]  Текст ошибки: Page not found | File: C:\Users\user\Downloads\OSPanel\domains\ishop2.loc\vendor\ishop\core\Router.php | Line: 37
===============
[2019-10-23 17:11:36]  Текст ошибки: Call to undefined method ishop\Router::upperCamelCase() | File: C:\Users\user\Downloads\OSPanel\domains\ishop2.loc\vendor\ishop\core\Router.php | Line: 56
===============
[2019-10-23 17:11:37]  Текст ошибки: Call to undefined method ishop\Router::upperCamelCase() | File: C:\Users\user\Downloads\OSPanel\domains\ishop2.loc\vendor\ishop\core\Router.php | Line: 56
===============
[2019-10-23 17:11:37]  Текст ошибки: Page not found | File: C:\Users\user\Downloads\OSPanel\domains\ishop2.loc\vendor\ishop\core\Router.php | Line: 37
===============
[2019-10-23 17:11:37]  Текст ошибки: Call to undefined method ishop\Router::upperCamelCase() | File: C:\Users\user\Downloads\OSPanel\domains\ishop2.loc\vendor\ishop\core\Router.php | Line: 56
===============
[2019-10-23 17:11:38]  Текст ошибки: Page not found | File: C:\Users\user\Downloads\OSPanel\domains\ishop2.loc\vendor\ishop\core\Router.php | Line: 37
===============
[2019-10-23 17:11:38]  Текст ошибки: Call to undefined method ishop\Router::upperCamelCase() | File: C:\Users\user\Downloads\OSPanel\domains\ishop2.loc\vendor\ishop\core\Router.php | Line: 56
===============
[2019-10-23 17:11:38]  Текст ошибки: Call to undefined method ishop\Router::upperCamelCase() | File: C:\Users\user\Downloads\OSPanel\domains\ishop2.loc\vendor\ishop\core\Router.php | Line: 56
===============
[2019-10-23 17:11:38]  Текст ошибки: Page not found | File: C:\Users\user\Downloads\OSPanel\domains\ishop2.loc\vendor\ishop\core\Router.php | Line: 37
===============
[2019-10-23 17:11:38]  Текст ошибки: Call to undefined method ishop\Router::upperCamelCase() | File: C:\Users\user\Downloads\OSPanel\domains\ishop2.loc\vendor\ishop\core\Router.php | Line: 56
===============
[2019-10-23 17:11:38]  Текст ошибки: Call to undefined method ishop\Router::upperCamelCase() | File: C:\Users\user\Downloads\OSPanel\domains\ishop2.loc\vendor\ishop\core\Router.php | Line: 56
===============
[2019-10-23 17:11:38]  Текст ошибки: Call to undefined method ishop\Router::upperCamelCase() | File: C:\Users\user\Downloads\OSPanel\domains\ishop2.loc\vendor\ishop\core\Router.php | Line: 56
===============
[2019-10-23 17:11:39]  Текст ошибки: Page not found | File: C:\Users\user\Downloads\OSPanel\domains\ishop2.loc\vendor\ishop\core\Router.php | Line: 37
===============
[2019-10-23 17:11:39]  Текст ошибки: Call to undefined method ishop\Router::upperCamelCase() | File: C:\Users\user\Downloads\OSPanel\domains\ishop2.loc\vendor\ishop\core\Router.php | Line: 56
===============
[2019-10-23 17:11:56]  Текст ошибки: Контроллер app\controllers\PageController не найден | File: C:\Users\user\Downloads\OSPanel\domains\ishop2.loc\vendor\ishop\core\Router.php | Line: 34
===============
[2019-10-23 17:11:56]  Текст ошибки: Страница не найдена | File: C:\Users\user\Downloads\OSPanel\domains\ishop2.loc\vendor\ishop\core\Router.php | Line: 37
===============
[2019-10-23 17:11:57]  Текст ошибки: Контроллер app\controllers\PageController не найден | File: C:\Users\user\Downloads\OSPanel\domains\ishop2.loc\vendor\ishop\core\Router.php | Line: 34
===============
[2019-10-23 17:11:57]  Текст ошибки: Страница не найдена | File: C:\Users\user\Downloads\OSPanel\domains\ishop2.loc\vendor\ishop\core\Router.php | Line: 37
===============
[2019-10-23 17:11:57]  Текст ошибки: Контроллер app\controllers\PageController не найден | File: C:\Users\user\Downloads\OSPanel\domains\ishop2.loc\vendor\ishop\core\Router.php | Line: 34
===============
[2019-10-23 17:11:58]  Текст ошибки: Страница не найдена | File: C:\Users\user\Downloads\OSPanel\domains\ishop2.loc\vendor\ishop\core\Router.php | Line: 37
===============
[2019-10-23 17:11:58]  Текст ошибки: Контроллер app\controllers\PageController не найден | File: C:\Users\user\Downloads\OSPanel\domains\ishop2.loc\vendor\ishop\core\Router.php | Line: 34
===============
[2019-10-23 17:11:58]  Текст ошибки: Страница не найдена | File: C:\Users\user\Downloads\OSPanel\domains\ishop2.loc\vendor\ishop\core\Router.php | Line: 37
===============
[2019-10-23 17:11:58]  Текст ошибки: Контроллер app\controllers\PageController не найден | File: C:\Users\user\Downloads\OSPanel\domains\ishop2.loc\vendor\ishop\core\Router.php | Line: 34
===============
[2019-10-23 17:11:59]  Текст ошибки: Страница не найдена | File: C:\Users\user\Downloads\OSPanel\domains\ishop2.loc\vendor\ishop\core\Router.php | Line: 37
===============
[2019-10-23 17:11:59]  Текст ошибки: Контроллер app\controllers\PageController не найден | File: C:\Users\user\Downloads\OSPanel\domains\ishop2.loc\vendor\ishop\core\Router.php | Line: 34
===============
[2019-10-23 17:11:59]  Текст ошибки: Страница не найдена | File: C:\Users\user\Downloads\OSPanel\domains\ishop2.loc\vendor\ishop\core\Router.php | Line: 37
===============
[2019-10-23 17:11:59]  Текст ошибки: Контроллер app\controllers\PageController не найден | File: C:\Users\user\Downloads\OSPanel\domains\ishop2.loc\vendor\ishop\core\Router.php | Line: 34
===============
[2019-10-23 17:11:59]  Текст ошибки: Страница не найдена | File: C:\Users\user\Downloads\OSPanel\domains\ishop2.loc\vendor\ishop\core\Router.php | Line: 37
===============
[2019-10-23 17:12:00]  Текст ошибки: Контроллер app\controllers\PageController не найден | File: C:\Users\user\Downloads\OSPanel\domains\ishop2.loc\vendor\ishop\core\Router.php | Line: 34
===============
[2019-10-23 17:12:00]  Текст ошибки: Страница не найдена | File: C:\Users\user\Downloads\OSPanel\domains\ishop2.loc\vendor\ishop\core\Router.php | Line: 37
===============
[2019-10-23 17:12:03]  Текст ошибки: Контроллер app\controllers\PageController не найден | File: C:\Users\user\Downloads\OSPanel\domains\ishop2.loc\vendor\ishop\core\Router.php | Line: 34
===============
[2019-10-23 17:12:03]  Текст ошибки: Страница не найдена | File: C:\Users\user\Downloads\OSPanel\domains\ishop2.loc\vendor\ishop\core\Router.php | Line: 37
===============
[2019-10-23 17:12:03]  Текст ошибки: Контроллер app\controllers\PageController не найден | File: C:\Users\user\Downloads\OSPanel\domains\ishop2.loc\vendor\ishop\core\Router.php | Line: 34
===============
[2019-10-23 17:12:03]  Текст ошибки: Страница не найдена | File: C:\Users\user\Downloads\OSPanel\domains\ishop2.loc\vendor\ishop\core\Router.php | Line: 37
===============
[2019-10-23 17:12:03]  Текст ошибки: Контроллер app\controllers\PageController не найден | File: C:\Users\user\Downloads\OSPanel\domains\ishop2.loc\vendor\ishop\core\Router.php | Line: 34
===============
[2019-10-23 17:12:04]  Текст ошибки: Страница не найдена | File: C:\Users\user\Downloads\OSPanel\domains\ishop2.loc\vendor\ishop\core\Router.php | Line: 37
===============
[2019-10-23 17:12:04]  Текст ошибки: Контроллер app\controllers\PageController не найден | File: C:\Users\user\Downloads\OSPanel\domains\ishop2.loc\vendor\ishop\core\Router.php | Line: 34
===============
[2019-10-23 17:12:04]  Текст ошибки: Страница не найдена | File: C:\Users\user\Downloads\OSPanel\domains\ishop2.loc\vendor\ishop\core\Router.php | Line: 37
===============
[2019-10-23 17:12:04]  Текст ошибки: Контроллер app\controllers\PageController не найден | File: C:\Users\user\Downloads\OSPanel\domains\ishop2.loc\vendor\ishop\core\Router.php | Line: 34
===============
[2019-10-23 17:12:05]  Текст ошибки: Страница не найдена | File: C:\Users\user\Downloads\OSPanel\domains\ishop2.loc\vendor\ishop\core\Router.php | Line: 37
===============
[2019-10-23 17:12:22]  Текст ошибки: Контроллер app\controllers\PageController не найден | File: C:\Users\user\Downloads\OSPanel\domains\ishop2.loc\vendor\ishop\core\Router.php | Line: 34
===============
[2019-10-23 17:12:23]  Текст ошибки: Страница не найдена | File: C:\Users\user\Downloads\OSPanel\domains\ishop2.loc\vendor\ishop\core\Router.php | Line: 37
===============
[2019-10-23 17:12:23]  Текст ошибки: Контроллер app\controllers\PageController не найден | File: C:\Users\user\Downloads\OSPanel\domains\ishop2.loc\vendor\ishop\core\Router.php | Line: 34
===============
[2019-10-23 17:12:23]  Текст ошибки: Страница не найдена | File: C:\Users\user\Downloads\OSPanel\domains\ishop2.loc\vendor\ishop\core\Router.php | Line: 37
===============
[2019-10-23 17:12:23]  Текст ошибки: Контроллер app\controllers\PageController не найден | File: C:\Users\user\Downloads\OSPanel\domains\ishop2.loc\vendor\ishop\core\Router.php | Line: 34
===============
[2019-10-23 17:12:23]  Текст ошибки: Страница не найдена | File: C:\Users\user\Downloads\OSPanel\domains\ishop2.loc\vendor\ishop\core\Router.php | Line: 37
===============
[2019-10-23 17:12:23]  Текст ошибки: Контроллер app\controllers\PageController не найден | File: C:\Users\user\Downloads\OSPanel\domains\ishop2.loc\vendor\ishop\core\Router.php | Line: 34
===============
[2019-10-23 17:12:24]  Текст ошибки: Страница не найдена | File: C:\Users\user\Downloads\OSPanel\domains\ishop2.loc\vendor\ishop\core\Router.php | Line: 37
===============
[2019-10-23 17:12:24]  Текст ошибки: Контроллер app\controllers\PageController не найден | File: C:\Users\user\Downloads\OSPanel\domains\ishop2.loc\vendor\ishop\core\Router.php | Line: 34
===============
[2019-10-23 17:12:24]  Текст ошибки: Страница не найдена | File: C:\Users\user\Downloads\OSPanel\domains\ishop2.loc\vendor\ishop\core\Router.php | Line: 37
===============
[2019-10-23 17:12:24]  Текст ошибки: Контроллер app\controllers\PageController не найден | File: C:\Users\user\Downloads\OSPanel\domains\ishop2.loc\vendor\ishop\core\Router.php | Line: 34
===============
[2019-10-23 17:12:24]  Текст ошибки: Контроллер app\controllers\PageController не найден | File: C:\Users\user\Downloads\OSPanel\domains\ishop2.loc\vendor\ishop\core\Router.php | Line: 34
===============
[2019-10-23 17:12:24]  Текст ошибки: Страница не найдена | File: C:\Users\user\Downloads\OSPanel\domains\ishop2.loc\vendor\ishop\core\Router.php | Line: 37
===============
[2019-10-23 17:12:44]  Текст ошибки: Контроллер app\controllers\PageController не найден | File: C:\Users\user\Downloads\OSPanel\domains\ishop2.loc\vendor\ishop\core\Router.php | Line: 34
===============
[2019-10-23 17:12:45]  Текст ошибки: Страница не найдена | File: C:\Users\user\Downloads\OSPanel\domains\ishop2.loc\vendor\ishop\core\Router.php | Line: 37
===============
[2019-10-23 17:12:45]  Текст ошибки: Контроллер app\controllers\PageController не найден | File: C:\Users\user\Downloads\OSPanel\domains\ishop2.loc\vendor\ishop\core\Router.php | Line: 34
===============
[2019-10-23 17:12:45]  Текст ошибки: Страница не найдена | File: C:\Users\user\Downloads\OSPanel\domains\ishop2.loc\vendor\ishop\core\Router.php | Line: 37
===============
[2019-10-23 17:12:46]  Текст ошибки: Контроллер app\controllers\PageController не найден | File: C:\Users\user\Downloads\OSPanel\domains\ishop2.loc\vendor\ishop\core\Router.php | Line: 34
===============
[2019-10-23 17:12:46]  Текст ошибки: Страница не найдена | File: C:\Users\user\Downloads\OSPanel\domains\ishop2.loc\vendor\ishop\core\Router.php | Line: 37
===============
[2019-10-23 17:12:48]  Текст ошибки: Контроллер app\controllers\DsadasController не найден | File: C:\Users\user\Downloads\OSPanel\domains\ishop2.loc\vendor\ishop\core\Router.php | Line: 34
===============
[2019-10-23 17:12:50]  Текст ошибки: Контроллер app\controllers\MainController не найден | File: C:\Users\user\Downloads\OSPanel\domains\ishop2.loc\vendor\ishop\core\Router.php | Line: 34
===============
[2019-10-23 17:12:57]  Текст ошибки: Контроллер app\controllers\MainController не найден | File: C:\Users\user\Downloads\OSPanel\domains\ishop2.loc\vendor\ishop\core\Router.php | Line: 34
===============
[2019-10-23 17:12:57]  Текст ошибки: Страница не найдена | File: C:\Users\user\Downloads\OSPanel\domains\ishop2.loc\vendor\ishop\core\Router.php | Line: 37
===============
[2019-10-23 17:13:01]  Текст ошибки: Контроллер app\controllers\MainController не найден | File: C:\Users\user\Downloads\OSPanel\domains\ishop2.loc\vendor\ishop\core\Router.php | Line: 34
===============
[2019-10-23 17:13:01]  Текст ошибки: Страница не найдена | File: C:\Users\user\Downloads\OSPanel\domains\ishop2.loc\vendor\ishop\core\Router.php | Line: 37
===============
[2019-10-23 17:13:27]  Текст ошибки: Контроллер app\controllers\MainController не найден | File: C:\Users\user\Downloads\OSPanel\domains\ishop2.loc\vendor\ishop\core\Router.php | Line: 34
===============
[2019-10-23 17:13:28]  Текст ошибки: Страница не найдена | File: C:\Users\user\Downloads\OSPanel\domains\ishop2.loc\vendor\ishop\core\Router.php | Line: 37
===============
[2019-10-23 17:14:07]  Текст ошибки: Контроллер app\controllers\MainController не найден | File: C:\Users\user\Downloads\OSPanel\domains\ishop2.loc\vendor\ishop\core\Router.php | Line: 34
===============
[2019-10-23 17:14:07]  Текст ошибки: Страница не найдена | File: C:\Users\user\Downloads\OSPanel\domains\ishop2.loc\vendor\ishop\core\Router.php | Line: 38
===============
[2019-10-23 17:14:07]  Текст ошибки: Контроллер app\controllers\MainController не найден | File: C:\Users\user\Downloads\OSPanel\domains\ishop2.loc\vendor\ishop\core\Router.php | Line: 34
===============
[2019-10-23 17:14:08]  Текст ошибки: Страница не найдена | File: C:\Users\user\Downloads\OSPanel\domains\ishop2.loc\vendor\ishop\core\Router.php | Line: 38
===============
[2019-10-23 17:14:08]  Текст ошибки: Контроллер app\controllers\MainController не найден | File: C:\Users\user\Downloads\OSPanel\domains\ishop2.loc\vendor\ishop\core\Router.php | Line: 34
===============
[2019-10-23 17:14:08]  Текст ошибки: Страница не найдена | File: C:\Users\user\Downloads\OSPanel\domains\ishop2.loc\vendor\ishop\core\Router.php | Line: 38
===============
[2019-10-23 17:14:08]  Текст ошибки: Контроллер app\controllers\MainController не найден | File: C:\Users\user\Downloads\OSPanel\domains\ishop2.loc\vendor\ishop\core\Router.php | Line: 34
===============
[2019-10-23 17:14:08]  Текст ошибки: Страница не найдена | File: C:\Users\user\Downloads\OSPanel\domains\ishop2.loc\vendor\ishop\core\Router.php | Line: 38
===============
[2019-10-23 17:14:09]  Текст ошибки: Контроллер app\controllers\MainController не найден | File: C:\Users\user\Downloads\OSPanel\domains\ishop2.loc\vendor\ishop\core\Router.php | Line: 34
===============
[2019-10-23 17:14:09]  Текст ошибки: Страница не найдена | File: C:\Users\user\Downloads\OSPanel\domains\ishop2.loc\vendor\ishop\core\Router.php | Line: 38
===============
[2019-10-23 17:14:09]  Текст ошибки: Контроллер app\controllers\MainController не найден | File: C:\Users\user\Downloads\OSPanel\domains\ishop2.loc\vendor\ishop\core\Router.php | Line: 34
===============
[2019-10-23 17:14:09]  Текст ошибки: Страница не найдена | File: C:\Users\user\Downloads\OSPanel\domains\ishop2.loc\vendor\ishop\core\Router.php | Line: 38
===============
[2019-10-23 17:14:50]  Текст ошибки: Контроллер app\controllers\MainController не найден | File: C:\Users\user\Downloads\OSPanel\domains\ishop2.loc\vendor\ishop\core\Router.php | Line: 34
===============
[2019-10-23 17:14:50]  Текст ошибки: Страница не найдена | File: C:\Users\user\Downloads\OSPanel\domains\ishop2.loc\vendor\ishop\core\Router.php | Line: 37
===============
[2019-10-23 17:15:27]  Текст ошибки: Контроллер app\controllers\MainController не найден | File: C:\Users\user\Downloads\OSPanel\domains\ishop2.loc\vendor\ishop\core\Router.php | Line: 34
===============
[2019-10-23 17:15:27]  Текст ошибки: Страница не найдена | File: C:\Users\user\Downloads\OSPanel\domains\ishop2.loc\vendor\ishop\core\Router.php | Line: 37
===============
[2019-10-23 17:15:30]  Текст ошибки: Контроллер app\controllers\DasdasdsaController не найден | File: C:\Users\user\Downloads\OSPanel\domains\ishop2.loc\vendor\ishop\core\Router.php | Line: 34
===============
[2019-10-23 17:15:39]  Текст ошибки: Контроллер app\controllers\MainController не найден | File: C:\Users\user\Downloads\OSPanel\domains\ishop2.loc\vendor\ishop\core\Router.php | Line: 34
===============
[2019-10-23 17:16:04]  Текст ошибки: Контроллер app\controllers\MainController не найден | File: C:\Users\user\Downloads\OSPanel\domains\ishop2.loc\vendor\ishop\core\Router.php | Line: 34
===============
[2019-10-23 17:16:05]  Текст ошибки: Страница не найдена | File: C:\Users\user\Downloads\OSPanel\domains\ishop2.loc\vendor\ishop\core\Router.php | Line: 37
===============
[2019-10-23 17:16:16]  Текст ошибки: Метод app\controllers\MainController::indexAction не найден | File: C:\Users\user\Downloads\OSPanel\domains\ishop2.loc\vendor\ishop\core\Router.php | Line: 31
===============
[2019-10-23 17:16:17]  Текст ошибки: Страница не найдена | File: C:\Users\user\Downloads\OSPanel\domains\ishop2.loc\vendor\ishop\core\Router.php | Line: 37
===============
[2019-10-23 17:16:32]  Текст ошибки: Метод app\controllers\MainController::indexAction не найден | File: C:\Users\user\Downloads\OSPanel\domains\ishop2.loc\vendor\ishop\core\Router.php | Line: 31
===============
[2019-10-23 17:16:34]  Текст ошибки: Метод app\controllers\MainController::indexAction не найден | File: C:\Users\user\Downloads\OSPanel\domains\ishop2.loc\vendor\ishop\core\Router.php | Line: 31
===============
[2019-10-23 17:16:34]  Текст ошибки: Страница не найдена | File: C:\Users\user\Downloads\OSPanel\domains\ishop2.loc\vendor\ishop\core\Router.php | Line: 37
===============
[2019-10-23 17:16:34]  Текст ошибки: Метод app\controllers\MainController::indexAction не найден | File: C:\Users\user\Downloads\OSPanel\domains\ishop2.loc\vendor\ishop\core\Router.php | Line: 31
===============
[2019-10-23 17:16:35]  Текст ошибки: Страница не найдена | File: C:\Users\user\Downloads\OSPanel\domains\ishop2.loc\vendor\ishop\core\Router.php | Line: 37
===============
[2019-10-23 17:17:04]  Текст ошибки: Страница не найдена | File: C:\Users\user\Downloads\OSPanel\domains\ishop2.loc\vendor\ishop\core\Router.php | Line: 37
===============
[2019-10-23 17:17:10]  Текст ошибки: Страница не найдена | File: C:\Users\user\Downloads\OSPanel\domains\ishop2.loc\vendor\ishop\core\Router.php | Line: 37
===============
[2019-10-23 17:18:25]  Текст ошибки: Страница не найдена | File: C:\Users\user\Downloads\OSPanel\domains\ishop2.loc\vendor\ishop\core\Router.php | Line: 37
===============
[2019-10-23 17:18:26]  Текст ошибки: Страница не найдена | File: C:\Users\user\Downloads\OSPanel\domains\ishop2.loc\vendor\ishop\core\Router.php | Line: 37
===============
[2019-10-23 17:18:27]  Текст ошибки: Страница не найдена | File: C:\Users\user\Downloads\OSPanel\domains\ishop2.loc\vendor\ishop\core\Router.php | Line: 37
===============
[2019-10-23 17:18:33]  Текст ошибки: Страница не найдена | File: C:\Users\user\Downloads\OSPanel\domains\ishop2.loc\vendor\ishop\core\Router.php | Line: 37
===============
[2019-10-23 17:18:33]  Текст ошибки: Страница не найдена | File: C:\Users\user\Downloads\OSPanel\domains\ishop2.loc\vendor\ishop\core\Router.php | Line: 37
===============
[2019-10-23 17:18:33]  Текст ошибки: Страница не найдена | File: C:\Users\user\Downloads\OSPanel\domains\ishop2.loc\vendor\ishop\core\Router.php | Line: 37
===============
[2019-10-23 17:18:34]  Текст ошибки: Страница не найдена | File: C:\Users\user\Downloads\OSPanel\domains\ishop2.loc\vendor\ishop\core\Router.php | Line: 37
===============
[2019-10-23 17:18:34]  Текст ошибки: Страница не найдена | File: C:\Users\user\Downloads\OSPanel\domains\ishop2.loc\vendor\ishop\core\Router.php | Line: 37
===============
[2019-10-23 17:18:51]  Текст ошибки: Страница не найдена | File: C:\Users\user\Downloads\OSPanel\domains\ishop2.loc\vendor\ishop\core\Router.php | Line: 37
===============
[2019-10-23 17:18:51]  Текст ошибки: Страница не найдена | File: C:\Users\user\Downloads\OSPanel\domains\ishop2.loc\vendor\ishop\core\Router.php | Line: 37
===============
[2019-10-23 17:18:52]  Текст ошибки: Страница не найдена | File: C:\Users\user\Downloads\OSPanel\domains\ishop2.loc\vendor\ishop\core\Router.php | Line: 37
===============
[2019-10-23 17:18:53]  Текст ошибки: Страница не найдена | File: C:\Users\user\Downloads\OSPanel\domains\ishop2.loc\vendor\ishop\core\Router.php | Line: 37
===============
[2019-10-23 17:18:57]  Текст ошибки: Страница не найдена | File: C:\Users\user\Downloads\OSPanel\domains\ishop2.loc\vendor\ishop\core\Router.php | Line: 37
===============
[2019-10-23 17:18:57]  Текст ошибки: Страница не найдена | File: C:\Users\user\Downloads\OSPanel\domains\ishop2.loc\vendor\ishop\core\Router.php | Line: 37
===============
[2019-10-23 17:18:58]  Текст ошибки: Страница не найдена | File: C:\Users\user\Downloads\OSPanel\domains\ishop2.loc\vendor\ishop\core\Router.php | Line: 37
===============
[2019-10-23 17:18:58]  Текст ошибки: Страница не найдена | File: C:\Users\user\Downloads\OSPanel\domains\ishop2.loc\vendor\ishop\core\Router.php | Line: 37
===============
[2019-10-23 17:19:01]  Текст ошибки: Контроллер app\controllers\SdadasController не найден | File: C:\Users\user\Downloads\OSPanel\domains\ishop2.loc\vendor\ishop\core\Router.php | Line: 34
===============
[2019-10-23 17:19:35]  Текст ошибки: Страница не найдена | File: C:\Users\user\Downloads\OSPanel\domains\ishop2.loc\vendor\ishop\core\Router.php | Line: 37
===============
[2019-10-23 17:20:12]  Текст ошибки: Страница не найдена | File: C:\Users\user\Downloads\OSPanel\domains\ishop2.loc\vendor\ishop\core\Router.php | Line: 37
===============
[2019-10-23 17:20:13]  Текст ошибки: Страница не найдена | File: C:\Users\user\Downloads\OSPanel\domains\ishop2.loc\vendor\ishop\core\Router.php | Line: 37
===============
[2019-10-23 17:20:14]  Текст ошибки: Страница не найдена | File: C:\Users\user\Downloads\OSPanel\domains\ishop2.loc\vendor\ishop\core\Router.php | Line: 37
===============
[2019-10-23 17:20:26]  Текст ошибки: Контроллер app\controllers\AsddasdasController не найден | File: C:\Users\user\Downloads\OSPanel\domains\ishop2.loc\vendor\ishop\core\Router.php | Line: 34
===============
[2019-10-23 17:21:18]  Текст ошибки: Контроллер app\controllers\AsddasdasController не найден | File: C:\Users\user\Downloads\OSPanel\domains\ishop2.loc\vendor\ishop\core\Router.php | Line: 34
===============
[2019-10-23 17:23:22]  Текст ошибки: Контроллер app\controllers\AsddasdasController не найден | File: C:\Users\user\Downloads\OSPanel\domains\ishop2.loc\vendor\ishop\core\Router.php | Line: 34
===============
[2019-10-23 17:23:22]  Текст ошибки: Страница не найдена | File: C:\Users\user\Downloads\OSPanel\domains\ishop2.loc\vendor\ishop\core\Router.php | Line: 37
===============
[2019-10-23 17:23:25]  Текст ошибки: Контроллер app\controllers\PageController не найден | File: C:\Users\user\Downloads\OSPanel\domains\ishop2.loc\vendor\ishop\core\Router.php | Line: 34
===============
[2019-10-23 17:24:29]  Текст ошибки: Контроллер app\controllers\PageNewController не найден | File: C:\Users\user\Downloads\OSPanel\domains\ishop2.loc\vendor\ishop\core\Router.php | Line: 34
===============
[2019-10-23 17:25:48]  Текст ошибки: Контроллер app\controllers\PageController не найден | File: C:\Users\user\Downloads\OSPanel\domains\ishop2.loc\vendor\ishop\core\Router.php | Line: 34
===============
[2019-10-23 17:26:03]  Текст ошибки: Метод app\controllers\PageController::actionView не найден | File: C:\Users\user\Downloads\OSPanel\domains\ishop2.loc\vendor\ishop\core\Router.php | Line: 31
===============
[2019-10-23 17:26:39]  Текст ошибки: Страница не найдена | File: C:\Users\user\Downloads\OSPanel\domains\ishop2.loc\vendor\ishop\core\Router.php | Line: 37
===============
[2019-10-23 17:26:52]  Текст ошибки: Страница не найдена | File: C:\Users\user\Downloads\OSPanel\domains\ishop2.loc\vendor\ishop\core\Router.php | Line: 37
===============
[2019-10-23 17:26:59]  Текст ошибки: Контроллер app\controllers\DasdasController не найден | File: C:\Users\user\Downloads\OSPanel\domains\ishop2.loc\vendor\ishop\core\Router.php | Line: 34
===============
[2019-10-23 17:27:12]  Текст ошибки: Метод app\controllers\PageController::actionAsdasdsa не найден | File: C:\Users\user\Downloads\OSPanel\domains\ishop2.loc\vendor\ishop\core\Router.php | Line: 31
===============
[2019-10-23 17:27:23]  Текст ошибки: Контроллер app\controllers\DasdsadasfController не найден | File: C:\Users\user\Downloads\OSPanel\domains\ishop2.loc\vendor\ishop\core\Router.php | Line: 34
===============
[2019-10-23 17:27:34]  Текст ошибки: Страница не найдена | File: C:\Users\user\Downloads\OSPanel\domains\ishop2.loc\vendor\ishop\core\Router.php | Line: 37
===============
[2019-10-23 17:29:27]  Текст ошибки: Страница не найдена | File: C:\Users\user\Downloads\OSPanel\domains\ishop2.loc\vendor\ishop\core\Router.php | Line: 37
===============
[2019-10-23 17:29:28]  Текст ошибки: Страница не найдена | File: C:\Users\user\Downloads\OSPanel\domains\ishop2.loc\vendor\ishop\core\Router.php | Line: 37
===============
[2019-10-23 17:35:57]  Текст ошибки: Страница не найдена | File: C:\Users\user\Downloads\OSPanel\domains\ishop2.loc\vendor\ishop\core\Router.php | Line: 37
===============
[2019-10-23 17:35:57]  Текст ошибки: Страница не найдена | File: C:\Users\user\Downloads\OSPanel\domains\ishop2.loc\vendor\ishop\core\Router.php | Line: 37
===============
[2019-10-23 17:36:02]  Текст ошибки: Страница не найдена | File: C:\Users\user\Downloads\OSPanel\domains\ishop2.loc\vendor\ishop\core\Router.php | Line: 37
===============
[2019-10-23 17:36:03]  Текст ошибки: Страница не найдена | File: C:\Users\user\Downloads\OSPanel\domains\ishop2.loc\vendor\ishop\core\Router.php | Line: 37
===============
[2019-10-23 17:36:03]  Текст ошибки: Страница не найдена | File: C:\Users\user\Downloads\OSPanel\domains\ishop2.loc\vendor\ishop\core\Router.php | Line: 37
===============
[2019-10-23 17:36:19]  Текст ошибки: Страница не найдена | File: C:\Users\user\Downloads\OSPanel\domains\ishop2.loc\vendor\ishop\core\Router.php | Line: 37
===============
[2019-10-23 17:36:20]  Текст ошибки: Страница не найдена | File: C:\Users\user\Downloads\OSPanel\domains\ishop2.loc\vendor\ishop\core\Router.php | Line: 37
===============
[2019-10-23 17:36:20]  Текст ошибки: Страница не найдена | File: C:\Users\user\Downloads\OSPanel\domains\ishop2.loc\vendor\ishop\core\Router.php | Line: 37
===============
[2019-10-23 17:36:39]  Текст ошибки: Страница не найдена | File: C:\Users\user\Downloads\OSPanel\domains\ishop2.loc\vendor\ishop\core\Router.php | Line: 37
===============
[2019-10-23 17:38:45]  Текст ошибки: Страница не найдена | File: C:\Users\user\Downloads\OSPanel\domains\ishop2.loc\vendor\ishop\core\Router.php | Line: 37
===============
[2019-10-23 17:38:46]  Текст ошибки: Страница не найдена | File: C:\Users\user\Downloads\OSPanel\domains\ishop2.loc\vendor\ishop\core\Router.php | Line: 37
===============
[2019-10-23 17:38:46]  Текст ошибки: Страница не найдена | File: C:\Users\user\Downloads\OSPanel\domains\ishop2.loc\vendor\ishop\core\Router.php | Line: 37
===============
[2019-10-23 17:38:47]  Текст ошибки: Страница не найдена | File: C:\Users\user\Downloads\OSPanel\domains\ishop2.loc\vendor\ishop\core\Router.php | Line: 37
===============
[2019-10-23 17:38:47]  Текст ошибки: Страница не найдена | File: C:\Users\user\Downloads\OSPanel\domains\ishop2.loc\vendor\ishop\core\Router.php | Line: 37
===============
[2019-10-23 17:57:35]  Текст ошибки: Страница не найдена | File: C:\Users\user\Downloads\OSPanel\domains\ishop2.loc\vendor\ishop\core\Router.php | Line: 38
===============
[2019-10-23 17:57:37]  Текст ошибки: Страница не найдена | File: C:\Users\user\Downloads\OSPanel\domains\ishop2.loc\vendor\ishop\core\Router.php | Line: 38
===============
[2019-10-23 17:57:40]  Текст ошибки: Страница не найдена | File: C:\Users\user\Downloads\OSPanel\domains\ishop2.loc\vendor\ishop\core\Router.php | Line: 38
===============
[2019-10-23 17:58:55]  Текст ошибки: Страница не найдена | File: C:\Users\user\Downloads\OSPanel\domains\ishop2.loc\vendor\ishop\core\Router.php | Line: 38
===============
[2019-10-23 17:58:56]  Текст ошибки: Страница не найдена | File: C:\Users\user\Downloads\OSPanel\domains\ishop2.loc\vendor\ishop\core\Router.php | Line: 38
===============
[2019-10-23 18:00:21]  Текст ошибки: Страница не найдена | File: C:\Users\user\Downloads\OSPanel\domains\ishop2.loc\vendor\ishop\core\Router.php | Line: 38
===============
[2019-10-23 18:00:25]  Текст ошибки: Страница не найдена | File: C:\Users\user\Downloads\OSPanel\domains\ishop2.loc\vendor\ishop\core\Router.php | Line: 38
===============
[2019-10-23 18:00:26]  Текст ошибки: Страница не найдена | File: C:\Users\user\Downloads\OSPanel\domains\ishop2.loc\vendor\ishop\core\Router.php | Line: 38
===============
[2019-10-23 18:00:26]  Текст ошибки: Страница не найдена | File: C:\Users\user\Downloads\OSPanel\domains\ishop2.loc\vendor\ishop\core\Router.php | Line: 38
===============
[2019-10-23 18:01:03]  Текст ошибки: Страница не найдена | File: C:\Users\user\Downloads\OSPanel\domains\ishop2.loc\vendor\ishop\core\Router.php | Line: 38
===============
[2019-10-23 18:01:18]  Текст ошибки: Страница не найдена | File: C:\Users\user\Downloads\OSPanel\domains\ishop2.loc\vendor\ishop\core\Router.php | Line: 38
===============
[2019-10-23 18:03:33]  Текст ошибки: Страница не найдена | File: C:\Users\user\Downloads\OSPanel\domains\ishop2.loc\vendor\ishop\core\Router.php | Line: 38
===============
[2019-10-23 18:05:32]  Текст ошибки: Страница не найдена | File: C:\Users\user\Downloads\OSPanel\domains\ishop2.loc\vendor\ishop\core\Router.php | Line: 38
===============
[2019-10-23 18:05:32]  Текст ошибки: Страница не найдена | File: C:\Users\user\Downloads\OSPanel\domains\ishop2.loc\vendor\ishop\core\Router.php | Line: 38
===============
[2019-10-23 18:05:33]  Текст ошибки: Страница не найдена | File: C:\Users\user\Downloads\OSPanel\domains\ishop2.loc\vendor\ishop\core\Router.php | Line: 38
===============
[2019-10-23 18:05:41]  Текст ошибки: Страница не найдена | File: C:\Users\user\Downloads\OSPanel\domains\ishop2.loc\vendor\ishop\core\Router.php | Line: 38
===============
[2019-10-23 18:07:59]  Текст ошибки: View not found test | File: C:\Users\user\Downloads\OSPanel\domains\ishop2.loc\vendor\ishop\core\base\View.php | Line: 57
===============
[2019-10-23 18:07:59]  Текст ошибки: Страница не найдена | File: C:\Users\user\Downloads\OSPanel\domains\ishop2.loc\vendor\ishop\core\Router.php | Line: 38
===============
[2019-10-23 18:08:31]  Текст ошибки: Страница не найдена | File: C:\Users\user\Downloads\OSPanel\domains\ishop2.loc\vendor\ishop\core\Router.php | Line: 38
===============
[2019-10-23 18:09:19]  Текст ошибки: Страница не найдена | File: C:\Users\user\Downloads\OSPanel\domains\ishop2.loc\vendor\ishop\core\Router.php | Line: 38
===============
[2019-10-23 18:09:20]  Текст ошибки: Страница не найдена | File: C:\Users\user\Downloads\OSPanel\domains\ishop2.loc\vendor\ishop\core\Router.php | Line: 38
===============
[2019-10-23 18:09:20]  Текст ошибки: Страница не найдена | File: C:\Users\user\Downloads\OSPanel\domains\ishop2.loc\vendor\ishop\core\Router.php | Line: 38
===============
[2019-10-23 18:10:47]  Текст ошибки: Call to undefined function getMeta() | File: C:\Users\user\Downloads\OSPanel\domains\ishop2.loc\app\views\layouts\default.php | Line: 15
===============
[2019-10-23 18:10:47]  Текст ошибки: Страница не найдена | File: C:\Users\user\Downloads\OSPanel\domains\ishop2.loc\vendor\ishop\core\Router.php | Line: 38
===============
[2019-10-23 18:10:48]  Текст ошибки: Call to undefined function getMeta() | File: C:\Users\user\Downloads\OSPanel\domains\ishop2.loc\app\views\layouts\default.php | Line: 15
===============
[2019-10-23 18:10:48]  Текст ошибки: Страница не найдена | File: C:\Users\user\Downloads\OSPanel\domains\ishop2.loc\vendor\ishop\core\Router.php | Line: 38
===============
[2019-10-23 18:11:07]  Текст ошибки: Страница не найдена | File: C:\Users\user\Downloads\OSPanel\domains\ishop2.loc\vendor\ishop\core\Router.php | Line: 38
===============
[2019-10-23 18:14:02]  Текст ошибки: Страница не найдена | File: C:\Users\user\Downloads\OSPanel\domains\ishop2.loc\vendor\ishop\core\Router.php | Line: 38
===============
[2019-10-23 18:16:08]  Текст ошибки: syntax error, unexpected '"</title>"' (T_CONSTANT_ENCAPSED_STRING) | File: C:\Users\user\Downloads\OSPanel\domains\ishop2.loc\vendor\ishop\core\base\View.php | Line: 41
===============
[2019-10-23 18:16:08]  Текст ошибки: Страница не найдена | File: C:\Users\user\Downloads\OSPanel\domains\ishop2.loc\vendor\ishop\core\Router.php | Line: 38
===============
[2019-10-23 18:16:20]  Текст ошибки: syntax error, unexpected '"</title>"' (T_CONSTANT_ENCAPSED_STRING) | File: C:\Users\user\Downloads\OSPanel\domains\ishop2.loc\vendor\ishop\core\base\View.php | Line: 41
===============
[2019-10-23 18:16:20]  Текст ошибки: syntax error, unexpected '"</title>"' (T_CONSTANT_ENCAPSED_STRING) | File: C:\Users\user\Downloads\OSPanel\domains\ishop2.loc\vendor\ishop\core\base\View.php | Line: 41
===============
[2019-10-23 18:16:21]  Текст ошибки: Страница не найдена | File: C:\Users\user\Downloads\OSPanel\domains\ishop2.loc\vendor\ishop\core\Router.php | Line: 38
===============
[2019-10-23 18:16:21]  Текст ошибки: syntax error, unexpected '"</title>"' (T_CONSTANT_ENCAPSED_STRING) | File: C:\Users\user\Downloads\OSPanel\domains\ishop2.loc\vendor\ishop\core\base\View.php | Line: 41
===============
[2019-10-23 18:16:21]  Текст ошибки: Страница не найдена | File: C:\Users\user\Downloads\OSPanel\domains\ishop2.loc\vendor\ishop\core\Router.php | Line: 38
===============
[2019-10-23 18:19:27]  Текст ошибки: Access to undeclared static property: ishop\base\View::$meta | File: C:\Users\user\Downloads\OSPanel\domains\ishop2.loc\vendor\ishop\core\base\View.php | Line: 41
===============
[2019-10-23 18:19:27]  Текст ошибки: Страница не найдена | File: C:\Users\user\Downloads\OSPanel\domains\ishop2.loc\vendor\ishop\core\Router.php | Line: 38
===============
[2019-10-23 18:19:38]  Текст ошибки: Страница не найдена | File: C:\Users\user\Downloads\OSPanel\domains\ishop2.loc\vendor\ishop\core\Router.php | Line: 38
===============
[2019-10-23 18:19:42]  Текст ошибки: Страница не найдена | File: C:\Users\user\Downloads\OSPanel\domains\ishop2.loc\vendor\ishop\core\Router.php | Line: 38
===============
[2019-10-23 18:22:08]  Текст ошибки: Страница не найдена | File: C:\Users\user\Downloads\OSPanel\domains\ishop2.loc\vendor\ishop\core\Router.php | Line: 38
===============
[2019-10-23 18:22:58]  Текст ошибки: Страница не найдена | File: C:\Users\user\Downloads\OSPanel\domains\ishop2.loc\vendor\ishop\core\Router.php | Line: 38
===============
[2019-10-23 18:28:27]  Текст ошибки: Страница не найдена | File: C:\Users\user\Downloads\OSPanel\domains\ishop2.loc\vendor\ishop\core\Router.php | Line: 38
===============
[2019-10-23 18:29:17]  Текст ошибки: Страница не найдена | File: C:\Users\user\Downloads\OSPanel\domains\ishop2.loc\vendor\ishop\core\Router.php | Line: 38
===============
[2019-10-23 18:29:17]  Текст ошибки: Страница не найдена | File: C:\Users\user\Downloads\OSPanel\domains\ishop2.loc\vendor\ishop\core\Router.php | Line: 38
===============
[2019-10-23 18:29:17]  Текст ошибки: Страница не найдена | File: C:\Users\user\Downloads\OSPanel\domains\ishop2.loc\vendor\ishop\core\Router.php | Line: 38
===============
[2019-10-23 18:29:18]  Текст ошибки: Страница не найдена | File: C:\Users\user\Downloads\OSPanel\domains\ishop2.loc\vendor\ishop\core\Router.php | Line: 38
===============
[2019-10-23 18:29:18]  Текст ошибки: Страница не найдена | File: C:\Users\user\Downloads\OSPanel\domains\ishop2.loc\vendor\ishop\core\Router.php | Line: 38
===============
[2019-10-23 18:30:00]  Текст ошибки: Страница не найдена | File: C:\Users\user\Downloads\OSPanel\domains\ishop2.loc\vendor\ishop\core\Router.php | Line: 38
===============
[2019-10-23 18:30:14]  Текст ошибки: Страница не найдена | File: C:\Users\user\Downloads\OSPanel\domains\ishop2.loc\vendor\ishop\core\Router.php | Line: 38
===============
[2019-10-23 18:30:36]  Текст ошибки: Страница не найдена | File: C:\Users\user\Downloads\OSPanel\domains\ishop2.loc\vendor\ishop\core\Router.php | Line: 38
===============
[2019-10-23 18:30:37]  Текст ошибки: Страница не найдена | File: C:\Users\user\Downloads\OSPanel\domains\ishop2.loc\vendor\ishop\core\Router.php | Line: 38
===============
[2019-10-23 18:30:37]  Текст ошибки: Страница не найдена | File: C:\Users\user\Downloads\OSPanel\domains\ishop2.loc\vendor\ishop\core\Router.php | Line: 38
===============
[2019-10-23 18:30:47]  Текст ошибки: Страница не найдена | File: C:\Users\user\Downloads\OSPanel\domains\ishop2.loc\vendor\ishop\core\Router.php | Line: 38
===============
[2019-10-23 18:32:16]  Текст ошибки: Страница не найдена | File: C:\Users\user\Downloads\OSPanel\domains\ishop2.loc\vendor\ishop\core\Router.php | Line: 38
===============
[2019-10-23 18:32:41]  Текст ошибки: Страница не найдена | File: C:\Users\user\Downloads\OSPanel\domains\ishop2.loc\vendor\ishop\core\Router.php | Line: 38
===============
[2019-10-23 18:33:37]  Текст ошибки: Страница не найдена | File: C:\Users\user\Downloads\OSPanel\domains\ishop2.loc\vendor\ishop\core\Router.php | Line: 38
===============
[2019-10-23 18:33:38]  Текст ошибки: Страница не найдена | File: C:\Users\user\Downloads\OSPanel\domains\ishop2.loc\vendor\ishop\core\Router.php | Line: 38
===============
[2019-10-23 18:33:38]  Текст ошибки: Страница не найдена | File: C:\Users\user\Downloads\OSPanel\domains\ishop2.loc\vendor\ishop\core\Router.php | Line: 38
===============
[2019-10-23 18:33:38]  Текст ошибки: Страница не найдена | File: C:\Users\user\Downloads\OSPanel\domains\ishop2.loc\vendor\ishop\core\Router.php | Line: 38
===============
[2019-10-23 18:33:38]  Текст ошибки: Страница не найдена | File: C:\Users\user\Downloads\OSPanel\domains\ishop2.loc\vendor\ishop\core\Router.php | Line: 38
===============
[2019-10-23 18:33:39]  Текст ошибки: Страница не найдена | File: C:\Users\user\Downloads\OSPanel\domains\ishop2.loc\vendor\ishop\core\Router.php | Line: 38
===============
[2019-10-23 18:34:32]  Текст ошибки: Страница не найдена | File: C:\Users\user\Downloads\OSPanel\domains\ishop2.loc\vendor\ishop\core\Router.php | Line: 38
===============
[2019-10-23 18:35:09]  Текст ошибки: Страница не найдена | File: C:\Users\user\Downloads\OSPanel\domains\ishop2.loc\vendor\ishop\core\Router.php | Line: 38
===============
[2019-10-23 18:36:53]  Текст ошибки: Страница не найдена | File: C:\Users\user\Downloads\OSPanel\domains\ishop2.loc\vendor\ishop\core\Router.php | Line: 38
===============
[2019-10-23 18:45:52]  Текст ошибки: Страница не найдена | File: C:\Users\user\Downloads\OSPanel\domains\ishop2.loc\vendor\ishop\core\Router.php | Line: 38
===============
[2019-10-23 18:45:52]  Текст ошибки: Страница не найдена | File: C:\Users\user\Downloads\OSPanel\domains\ishop2.loc\vendor\ishop\core\Router.php | Line: 38
===============
[2019-10-23 18:45:52]  Текст ошибки: Страница не найдена | File: C:\Users\user\Downloads\OSPanel\domains\ishop2.loc\vendor\ishop\core\Router.php | Line: 38
===============
[2019-10-23 18:45:53]  Текст ошибки: Страница не найдена | File: C:\Users\user\Downloads\OSPanel\domains\ishop2.loc\vendor\ishop\core\Router.php | Line: 38
===============
[2019-10-23 18:45:53]  Текст ошибки: Страница не найдена | File: C:\Users\user\Downloads\OSPanel\domains\ishop2.loc\vendor\ishop\core\Router.php | Line: 38
===============
[2019-10-23 18:45:53]  Текст ошибки: Страница не найдена | File: C:\Users\user\Downloads\OSPanel\domains\ishop2.loc\vendor\ishop\core\Router.php | Line: 38
===============
[2019-10-23 18:45:58]  Текст ошибки: Метод app\controllers\MainController::indexAction не найден | File: C:\Users\user\Downloads\OSPanel\domains\ishop2.loc\vendor\ishop\core\Router.php | Line: 32
===============
[2019-10-23 18:46:23]  Текст ошибки: Страница не найдена | File: C:\Users\user\Downloads\OSPanel\domains\ishop2.loc\vendor\ishop\core\Router.php | Line: 38
===============
[2019-10-23 18:46:24]  Текст ошибки: Страница не найдена | File: C:\Users\user\Downloads\OSPanel\domains\ishop2.loc\vendor\ishop\core\Router.php | Line: 38
===============
[2019-10-23 18:46:30]  Текст ошибки: Страница не найдена | File: C:\Users\user\Downloads\OSPanel\domains\ishop2.loc\vendor\ishop\core\Router.php | Line: 38
===============
[2019-10-23 18:46:32]  Текст ошибки: Контроллер app\controllers\DasdasController не найден | File: C:\Users\user\Downloads\OSPanel\domains\ishop2.loc\vendor\ishop\core\Router.php | Line: 35
===============
[2019-10-23 18:47:03]  Текст ошибки: Контроллер app\controllers\DasdasController не найден | File: C:\Users\user\Downloads\OSPanel\domains\ishop2.loc\vendor\ishop\core\Router.php | Line: 35
===============
[2019-10-23 18:47:04]  Текст ошибки: Страница не найдена | File: C:\Users\user\Downloads\OSPanel\domains\ishop2.loc\vendor\ishop\core\Router.php | Line: 38
===============
[2019-10-23 18:47:05]  Текст ошибки: Контроллер app\controllers\DasdasController не найден | File: C:\Users\user\Downloads\OSPanel\domains\ishop2.loc\vendor\ishop\core\Router.php | Line: 35
===============
[2019-10-23 18:47:05]  Текст ошибки: Страница не найдена | File: C:\Users\user\Downloads\OSPanel\domains\ishop2.loc\vendor\ishop\core\Router.php | Line: 38
===============
[2019-10-23 18:52:30]  Текст ошибки: Call to undefined method app\controllers\PageController::getView() | File: C:\Users\user\Downloads\OSPanel\domains\ishop2.loc\vendor\ishop\core\Router.php | Line: 32
===============
[2019-10-23 18:52:31]  Текст ошибки: Страница не найдена | File: C:\Users\user\Downloads\OSPanel\domains\ishop2.loc\vendor\ishop\core\Router.php | Line: 40
===============
[2019-10-23 18:52:45]  Текст ошибки: Страница не найдена | File: C:\Users\user\Downloads\OSPanel\domains\ishop2.loc\vendor\ishop\core\Router.php | Line: 40
===============
[2019-10-24 13:57:07]  Текст ошибки: Страница не найдена | File: C:\Users\user\Downloads\OSPanel\domains\ishop2.loc\vendor\ishop\core\Router.php | Line: 40
===============
[2019-10-24 14:12:16]  Текст ошибки: Страница не найдена | File: C:\Users\user\Downloads\OSPanel\domains\ishop2.loc\vendor\ishop\core\Router.php | Line: 40
===============
[2019-10-24 14:13:02]  Текст ошибки: Страница не найдена | File: C:\Users\user\Downloads\OSPanel\domains\ishop2.loc\vendor\ishop\core\Router.php | Line: 40
===============
[2019-10-24 14:13:45]  Текст ошибки: Страница не найдена | File: C:\Users\user\Downloads\OSPanel\domains\ishop2.loc\vendor\ishop\core\Router.php | Line: 40
===============
[2019-10-24 14:14:58]  Текст ошибки: Страница не найдена | File: C:\Users\user\Downloads\OSPanel\domains\ishop2.loc\vendor\ishop\core\Router.php | Line: 40
===============
[2019-10-24 14:16:30]  Текст ошибки: Страница не найдена | File: C:\Users\user\Downloads\OSPanel\domains\ishop2.loc\vendor\ishop\core\Router.php | Line: 40
===============
[2019-10-24 14:16:46]  Текст ошибки: Страница не найдена | File: C:\Users\user\Downloads\OSPanel\domains\ishop2.loc\vendor\ishop\core\Router.php | Line: 39
===============
[2019-10-24 14:17:34]  Текст ошибки: Страница не найдена | File: C:\Users\user\Downloads\OSPanel\domains\ishop2.loc\vendor\ishop\core\Router.php | Line: 39
===============
[2019-10-24 14:18:13]  Текст ошибки: Страница не найдена | File: C:\Users\user\Downloads\OSPanel\domains\ishop2.loc\vendor\ishop\core\Router.php | Line: 39
===============
[2019-10-24 14:19:36]  Текст ошибки: Страница не найдена | File: C:\Users\user\Downloads\OSPanel\domains\ishop2.loc\vendor\ishop\core\Router.php | Line: 39
===============
[2019-10-24 14:23:30]  Текст ошибки: Страница не найдена | File: C:\Users\user\Downloads\OSPanel\domains\ishop2.loc\vendor\ishop\core\Router.php | Line: 39
===============
[2019-10-24 14:24:01]  Текст ошибки: Страница не найдена | File: C:\Users\user\Downloads\OSPanel\domains\ishop2.loc\vendor\ishop\core\Router.php | Line: 39
===============
[2019-10-24 14:24:37]  Текст ошибки: Страница не найдена | File: C:\Users\user\Downloads\OSPanel\domains\ishop2.loc\vendor\ishop\core\Router.php | Line: 39
===============
[2019-10-24 14:25:35]  Текст ошибки: Страница не найдена | File: C:\Users\user\Downloads\OSPanel\domains\ishop2.loc\vendor\ishop\core\Router.php | Line: 39
===============
[2019-10-24 14:26:35]  Текст ошибки: Страница не найдена | File: C:\Users\user\Downloads\OSPanel\domains\ishop2.loc\vendor\ishop\core\Router.php | Line: 39
===============
[2019-10-24 14:26:38]  Текст ошибки: Страница не найдена | File: C:\Users\user\Downloads\OSPanel\domains\ishop2.loc\vendor\ishop\core\Router.php | Line: 39
===============
[2019-10-24 14:39:06]  Текст ошибки: Страница не найдена | File: C:\Users\user\Downloads\OSPanel\domains\ishop2.loc\vendor\ishop\core\Router.php | Line: 39
===============
[2019-10-24 14:40:17]  Текст ошибки: Страница не найдена | File: C:\Users\user\Downloads\OSPanel\domains\ishop2.loc\vendor\ishop\core\Router.php | Line: 39
===============
[2019-10-24 14:40:26]  Текст ошибки: Страница не найдена | File: C:\Users\user\Downloads\OSPanel\domains\ishop2.loc\vendor\ishop\core\Router.php | Line: 39
===============
[2019-10-24 14:41:03]  Текст ошибки: Страница не найдена | File: C:\Users\user\Downloads\OSPanel\domains\ishop2.loc\vendor\ishop\core\Router.php | Line: 39
===============
[2019-10-24 14:41:21]  Текст ошибки: Страница не найдена | File: C:\Users\user\Downloads\OSPanel\domains\ishop2.loc\vendor\ishop\core\Router.php | Line: 39
===============
[2019-10-24 14:41:44]  Текст ошибки: Страница не найдена | File: C:\Users\user\Downloads\OSPanel\domains\ishop2.loc\vendor\ishop\core\Router.php | Line: 39
===============
[2019-10-24 14:41:52]  Текст ошибки: Страница не найдена | File: C:\Users\user\Downloads\OSPanel\domains\ishop2.loc\vendor\ishop\core\Router.php | Line: 39
===============
[2019-10-24 14:43:12]  Текст ошибки: Страница не найдена | File: C:\Users\user\Downloads\OSPanel\domains\ishop2.loc\vendor\ishop\core\Router.php | Line: 39
===============
[2019-10-24 14:43:31]  Текст ошибки: Страница не найдена | File: C:\Users\user\Downloads\OSPanel\domains\ishop2.loc\vendor\ishop\core\Router.php | Line: 39
===============
